Using pre-set license
Built from '2020.3/staging' branch; Version is '2020.3.30f1 (1fb1bf06830e) revision 2077119'; Using compiler version '192528614'; Build Type 'Release'
OS: 'Windows 10  (10.0.19042) 64bit Core' Language: 'fr' Physical Memory: 16236 MB
BatchMode: 1, IsHumanControllingUs: 0, StartBugReporterOnCrash: 0, Is64bit: 1, IsPro: 0

COMMAND LINE ARGUMENTS:
C:\Program Files\Unity\Hub\Editor\2020.3.30f1\Editor\Unity.exe
-adb2
-batchMode
-noUpm
-name
AssetImportWorker0
-projectPath
C:/Users/franc/Desktop/Cours/EDC/EDC - 2022/Application NFT
-logFile
Logs/AssetImportWorker0.log
-srvPort
49194
Successfully changed project path to: C:/Users/franc/Desktop/Cours/EDC/EDC - 2022/Application NFT
C:/Users/franc/Desktop/Cours/EDC/EDC - 2022/Application NFT
Using Asset Import Pipeline V2.
Refreshing native plugins compatible for Editor in 30.66 ms, found 3 plugins.
Preloading 0 native plugins for Editor in 0.00 ms.
Initialize engine version: 2020.3.30f1 (1fb1bf06830e)
[Subsystems] Discovering subsystems at path C:/Program Files/Unity/Hub/Editor/2020.3.30f1/Editor/Data/Resources/UnitySubsystems
[Subsystems] Discovering subsystems at path C:/Users/franc/Desktop/Cours/EDC/EDC - 2022/Application NFT/Assets
GfxDevice: creating device client; threaded=0
Direct3D:
    Version:  Direct3D 11.0 [level 11.1]
    Renderer: NVIDIA GeForce GTX 1650 (ID=0x1f91)
    Vendor:   
    VRAM:     3964 MB
    Driver:   27.21.14.6259
Initialize mono
Mono path[0] = 'C:/Program Files/Unity/Hub/Editor/2020.3.30f1/Editor/Data/Managed'
Mono path[1] = 'C:/Program Files/Unity/Hub/Editor/2020.3.30f1/Editor/Data/MonoBleedingEdge/lib/mono/unityjit'
Mono config path = 'C:/Program Files/Unity/Hub/Editor/2020.3.30f1/Editor/Data/MonoBleedingEdge/etc'
Using monoOptions --debugger-agent=transport=dt_socket,embedding=1,server=y,suspend=n,address=127.0.0.1:56548
Begin MonoManager ReloadAssembly
Registering precompiled unity dll's ...
Register platform support module: C:/Program Files/Unity/Hub/Editor/2020.3.30f1/Editor/Data/PlaybackEngines/WindowsStandaloneSupport/UnityEditor.WindowsStandalone.Extensions.dll
Registered in 0.002188 seconds.
Native extension for WindowsStandalone target not found
Refreshing native plugins compatible for Editor in 27.54 ms, found 3 plugins.
Preloading 0 native plugins for Editor in 0.00 ms.
Mono: successfully reloaded assembly
- Completed reload, in  0.546 seconds
Domain Reload Profiling:
	ReloadAssembly (546ms)
		BeginReloadAssembly (63ms)
			ExecutionOrderSort (0ms)
			DisableScriptedObjects (0ms)
			BackupInstance (0ms)
			ReleaseScriptingObjects (0ms)
			CreateAndSetChildDomain (1ms)
		EndReloadAssembly (414ms)
			LoadAssemblies (60ms)
			RebuildTransferFunctionScriptingTraits (0ms)
			SetupTypeCache (141ms)
			ReleaseScriptCaches (0ms)
			RebuildScriptCaches (29ms)
			SetupLoadedEditorAssemblies (147ms)
				LogAssemblyErrors (0ms)
				InitializePlatformSupportModulesInManaged (4ms)
				SetLoadedEditorAssemblies (0ms)
				RefreshPlugins (28ms)
				BeforeProcessingInitializeOnLoad (12ms)
				ProcessInitializeOnLoadAttributes (76ms)
				ProcessInitializeOnLoadMethodAttributes (26ms)
				AfterProcessingInitializeOnLoad (0ms)
				EditorAssembliesLoaded (0ms)
			ExecutionOrderSort2 (0ms)
			AwakeInstancesAfterBackupRestoration (0ms)
Platform modules already initialized, skipping
Registering precompiled user dll's ...
Registered in 0.004278 seconds.
Begin MonoManager ReloadAssembly
Native extension for WindowsStandalone target not found
Refreshing native plugins compatible for Editor in 0.38 ms, found 3 plugins.
Preloading 0 native plugins for Editor in 0.00 ms.
Mono: successfully reloaded assembly
- Completed reload, in  0.937 seconds
Domain Reload Profiling:
	ReloadAssembly (938ms)
		BeginReloadAssembly (149ms)
			ExecutionOrderSort (0ms)
			DisableScriptedObjects (5ms)
			BackupInstance (0ms)
			ReleaseScriptingObjects (0ms)
			CreateAndSetChildDomain (17ms)
		EndReloadAssembly (731ms)
			LoadAssemblies (91ms)
			RebuildTransferFunctionScriptingTraits (0ms)
			SetupTypeCache (250ms)
			ReleaseScriptCaches (0ms)
			RebuildScriptCaches (37ms)
			SetupLoadedEditorAssemblies (276ms)
				LogAssemblyErrors (0ms)
				InitializePlatformSupportModulesInManaged (4ms)
				SetLoadedEditorAssemblies (0ms)
				RefreshPlugins (0ms)
				BeforeProcessingInitializeOnLoad (83ms)
				ProcessInitializeOnLoadAttributes (172ms)
				ProcessInitializeOnLoadMethodAttributes (8ms)
				AfterProcessingInitializeOnLoad (7ms)
				EditorAssembliesLoaded (0ms)
			ExecutionOrderSort2 (0ms)
			AwakeInstancesAfterBackupRestoration (6ms)
Platform modules already initialized, skipping
========================================================================
Worker process is ready to serve import requests
Launched and connected shader compiler UnityShaderCompiler.exe after 0.06 seconds
Refreshing native plugins compatible for Editor in 0.31 ms, found 3 plugins.
Preloading 0 native plugins for Editor in 0.00 ms.
Unloading 1514 Unused Serialized files (Serialized files now loaded: 0)
System memory in use before: 68.0 MB.
System memory in use after: 68.1 MB.

Unloading 21 unused Assets to reduce memory usage. Loaded Objects now: 1944.
Total: 2.539900 ms (FindLiveObjects: 0.100600 ms CreateObjectMapping: 0.038400 ms MarkObjects: 2.345900 ms  DeleteObjects: 0.054200 ms)

AssetImportParameters requested are different than current active one (requested -> active):
  custom:framework-win-MediaFoundation: 216162199b28c13a410421893ffa2e32 -> 
  custom:video-decoder-ogg-theora: a1e56fd34408186e4bbccfd4996cb3dc -> 
  custom:container-muxer-webm: aa71ff27fc2769a1b78a27578f13a17b -> 
  custom:container-demuxer-webm: 4f35f7cbe854078d1ac9338744f61a02 -> 
  custom:container-demuxer-ogg: 62fdf1f143b41e24485cea50d1cbac27 -> 
  custom:video-encoder-webm-vp8: eb34c28f22e8b96e1ab97ce403110664 -> 
  custom:video-decoder-webm-vp8: 9c59270c3fd7afecdb556c50c9e8de78 -> 
  custom:audio-decoder-ogg-vorbis: bf7c407c2cedff20999df2af8eb42d56 -> 
  custom:audio-encoder-webm-vorbis: bf7c407c2cedff20999df2af8eb42d56 -> 
========================================================================
Received Import Request.
  path: Assets/Images/nyan_cat.png
  artifactKey: Guid(a35fd6c83078c1b43854fc3f1283f0ff) Importer(815301076,1909f56bfc062723c751e8b465ee728b)
Start importing Assets/Images/nyan_cat.png using Guid(a35fd6c83078c1b43854fc3f1283f0ff) Importer(815301076,1909f56bfc062723c751e8b465ee728b)  -> (artifact id: '0124fb2db50833bfa5b239b2dcb0f252') in 0.118939 seconds 
========================================================================
Received Import Request.
  Time since last request: 0.000176 seconds.
  path: Assets/Images/alice_cat.png
  artifactKey: Guid(f1cf07720c871d141ac560fae3d8b5fc) Importer(815301076,1909f56bfc062723c751e8b465ee728b)
Start importing Assets/Images/alice_cat.png using Guid(f1cf07720c871d141ac560fae3d8b5fc) Importer(815301076,1909f56bfc062723c751e8b465ee728b)  -> (artifact id: '98049fa2a586e192d532661bed5a4b71') in 0.029761 seconds 
========================================================================
Received Import Request.
  Time since last request: 0.000199 seconds.
  path: Assets/Images
  artifactKey: Guid(2c2d6ca430908bd4d9695fb94be04d92) Importer(815301076,1909f56bfc062723c751e8b465ee728b)
Start importing Assets/Images using Guid(2c2d6ca430908bd4d9695fb94be04d92) Importer(815301076,1909f56bfc062723c751e8b465ee728b)  -> (artifact id: '79641f0b444a3079ba53b85e32d0eca2') in 0.006365 seconds 
========================================================================
Received Import Request.
  Time since last request: 0.000187 seconds.
  path: Assets/Images/chat_noir.png
  artifactKey: Guid(cc00585c9ad4226409c2a679ce022fb2) Importer(815301076,1909f56bfc062723c751e8b465ee728b)
Start importing Assets/Images/chat_noir.png using Guid(cc00585c9ad4226409c2a679ce022fb2) Importer(815301076,1909f56bfc062723c751e8b465ee728b)  -> (artifact id: 'c39859179da31382a1d848ec76a14a6c') in 0.025322 seconds 
========================================================================
Received Import Request.
  Time since last request: 0.000248 seconds.
  path: Assets/Images/cute_potté.png
  artifactKey: Guid(b626ee8ef1712d645b55f87b2eca1129) Importer(815301076,1909f56bfc062723c751e8b465ee728b)
Start importing Assets/Images/cute_potté.png using Guid(b626ee8ef1712d645b55f87b2eca1129) Importer(815301076,1909f56bfc062723c751e8b465ee728b)  -> (artifact id: 'e2e317e906abde21d3925cf7a1a80eab') in 0.026099 seconds 
========================================================================
Received Import Request.
  Time since last request: 0.000176 seconds.
  path: Assets/Images/piano_cat.png
  artifactKey: Guid(a7fd4d8de1735244aa0dd818352e9fc5) Importer(815301076,1909f56bfc062723c751e8b465ee728b)
Start importing Assets/Images/piano_cat.png using Guid(a7fd4d8de1735244aa0dd818352e9fc5) Importer(815301076,1909f56bfc062723c751e8b465ee728b)  -> (artifact id: '8b608bf0752446d3de9a2e6d2a9af873') in 0.028379 seconds 
========================================================================
Received Import Request.
  Time since last request: 15.824284 seconds.
  path: Assets/Images/alice_cat.png
  artifactKey: Guid(f1cf07720c871d141ac560fae3d8b5fc) Importer(815301076,1909f56bfc062723c751e8b465ee728b)
Start importing Assets/Images/alice_cat.png using Guid(f1cf07720c871d141ac560fae3d8b5fc) Importer(815301076,1909f56bfc062723c751e8b465ee728b)  -> (artifact id: 'e8e830b4c98691bc1002c23a083c8b33') in 0.071034 seconds 
========================================================================
Received Import Request.
  Time since last request: 0.000239 seconds.
  path: Assets/Images/nyan_cat.png
  artifactKey: Guid(a35fd6c83078c1b43854fc3f1283f0ff) Importer(815301076,1909f56bfc062723c751e8b465ee728b)
Start importing Assets/Images/nyan_cat.png using Guid(a35fd6c83078c1b43854fc3f1283f0ff) Importer(815301076,1909f56bfc062723c751e8b465ee728b)  -> (artifact id: '71b6b97acd234a07ef29dd0c07fdb476') in 0.025826 seconds 
========================================================================
Received Import Request.
  Time since last request: 0.000202 seconds.
  path: Assets/Images/chat_noir.png
  artifactKey: Guid(cc00585c9ad4226409c2a679ce022fb2) Importer(815301076,1909f56bfc062723c751e8b465ee728b)
Start importing Assets/Images/chat_noir.png using Guid(cc00585c9ad4226409c2a679ce022fb2) Importer(815301076,1909f56bfc062723c751e8b465ee728b)  -> (artifact id: 'dcfb2a8bf3b55c376c2357bb50fbc994') in 0.019807 seconds 
========================================================================
Received Import Request.
  Time since last request: 0.000238 seconds.
  path: Assets/Images/cute_potté.png
  artifactKey: Guid(b626ee8ef1712d645b55f87b2eca1129) Importer(815301076,1909f56bfc062723c751e8b465ee728b)
Start importing Assets/Images/cute_potté.png using Guid(b626ee8ef1712d645b55f87b2eca1129) Importer(815301076,1909f56bfc062723c751e8b465ee728b)  -> (artifact id: 'ca92a51459b18faccda7b3d61e531339') in 0.024062 seconds 
========================================================================
Received Import Request.
  Time since last request: 0.000239 seconds.
  path: Assets/Images/piano_cat.png
  artifactKey: Guid(a7fd4d8de1735244aa0dd818352e9fc5) Importer(815301076,1909f56bfc062723c751e8b465ee728b)
Start importing Assets/Images/piano_cat.png using Guid(a7fd4d8de1735244aa0dd818352e9fc5) Importer(815301076,1909f56bfc062723c751e8b465ee728b)  -> (artifact id: '62e2e2167c9530a2e1c83cd5e07aabd1') in 0.022814 seconds 
========================================================================
Received Import Request.
  Time since last request: 432.855271 seconds.
  path: Assets/Images/calc.png
  artifactKey: Guid(7b6a31f89cd4c0d4f8b967dc93454d6d) Importer(815301076,1909f56bfc062723c751e8b465ee728b)
Start importing Assets/Images/calc.png using Guid(7b6a31f89cd4c0d4f8b967dc93454d6d) Importer(815301076,1909f56bfc062723c751e8b465ee728b)  -> (artifact id: '7f1a0b4e0e8d962e92ac010257031be8') in 0.035450 seconds 
========================================================================
Received Import Request.
  Time since last request: 0.000312 seconds.
  path: Assets/Images/calc_radial.png
  artifactKey: Guid(bd6640e3a8d31444c86c755077ee4ecd) Importer(815301076,1909f56bfc062723c751e8b465ee728b)
Start importing Assets/Images/calc_radial.png using Guid(bd6640e3a8d31444c86c755077ee4ecd) Importer(815301076,1909f56bfc062723c751e8b465ee728b)  -> (artifact id: '4ae8edfd09decf3bdbad575d596ef1b4') in 0.023461 seconds 
========================================================================
Received Import Request.
  Time since last request: 0.000249 seconds.
  path: Assets/Images/linearCalc.png
  artifactKey: Guid(fb9d4b61dd4061e469a1a70c84cf882d) Importer(815301076,1909f56bfc062723c751e8b465ee728b)
Start importing Assets/Images/linearCalc.png using Guid(fb9d4b61dd4061e469a1a70c84cf882d) Importer(815301076,1909f56bfc062723c751e8b465ee728b)  -> (artifact id: '1219096572d43e6d06282422b99eb826') in 0.023480 seconds 
========================================================================
Received Import Request.
  Time since last request: 20.140112 seconds.
  path: Assets/Images/calc.png
  artifactKey: Guid(7b6a31f89cd4c0d4f8b967dc93454d6d) Importer(815301076,1909f56bfc062723c751e8b465ee728b)
Start importing Assets/Images/calc.png using Guid(7b6a31f89cd4c0d4f8b967dc93454d6d) Importer(815301076,1909f56bfc062723c751e8b465ee728b)  -> (artifact id: 'db3c9d5338e7f49a1de6eacbe847575b') in 0.032120 seconds 
========================================================================
Received Import Request.
  Time since last request: 0.000202 seconds.
  path: Assets/Images/calc_radial.png
  artifactKey: Guid(bd6640e3a8d31444c86c755077ee4ecd) Importer(815301076,1909f56bfc062723c751e8b465ee728b)
Start importing Assets/Images/calc_radial.png using Guid(bd6640e3a8d31444c86c755077ee4ecd) Importer(815301076,1909f56bfc062723c751e8b465ee728b)  -> (artifact id: 'c7b8b5800a3c1dd0ea545e782fb5fd4c') in 0.033235 seconds 
========================================================================
Received Import Request.
  Time since last request: 0.000206 seconds.
  path: Assets/Images/linearCalc.png
  artifactKey: Guid(fb9d4b61dd4061e469a1a70c84cf882d) Importer(815301076,1909f56bfc062723c751e8b465ee728b)
Start importing Assets/Images/linearCalc.png using Guid(fb9d4b61dd4061e469a1a70c84cf882d) Importer(815301076,1909f56bfc062723c751e8b465ee728b)  -> (artifact id: '58c6488053292e677e92805aa4bbf0e4') in 0.031205 seconds 
========================================================================
Received Import Request.
  Time since last request: 90.191531 seconds.
  path: Assets/Images/circle.png
  artifactKey: Guid(039e2edfce16d424bb17aa0b9dfe3958) Importer(815301076,1909f56bfc062723c751e8b465ee728b)
Start importing Assets/Images/circle.png using Guid(039e2edfce16d424bb17aa0b9dfe3958) Importer(815301076,1909f56bfc062723c751e8b465ee728b)  -> (artifact id: '838c72150eef07ab2eaca0844d8568e7') in 0.031346 seconds 
========================================================================
Received Import Request.
  Time since last request: 5.914113 seconds.
  path: Assets/Images/circle.png
  artifactKey: Guid(039e2edfce16d424bb17aa0b9dfe3958) Importer(815301076,1909f56bfc062723c751e8b465ee728b)
Start importing Assets/Images/circle.png using Guid(039e2edfce16d424bb17aa0b9dfe3958) Importer(815301076,1909f56bfc062723c751e8b465ee728b)  -> (artifact id: '9c248e0e207bca18307d903b861ad52a') in 0.021882 seconds 
========================================================================
Received Import Request.
  Time since last request: 28.693752 seconds.
  path: Assets/Images/circle.png
  artifactKey: Guid(039e2edfce16d424bb17aa0b9dfe3958) Importer(815301076,1909f56bfc062723c751e8b465ee728b)
Start importing Assets/Images/circle.png using Guid(039e2edfce16d424bb17aa0b9dfe3958) Importer(815301076,1909f56bfc062723c751e8b465ee728b)  -> (artifact id: '7cc137afd85fa1f4453ebe150b0c609a') in 0.031136 seconds 
========================================================================
Received Prepare
Registering precompiled user dll's ...
Registered in 0.004182 seconds.
Begin MonoManager ReloadAssembly
Native extension for WindowsStandalone target not found
Refreshing native plugins compatible for Editor in 0.34 ms, found 3 plugins.
Preloading 0 native plugins for Editor in 0.00 ms.
Mono: successfully reloaded assembly
- Completed reload, in  1.274 seconds
Domain Reload Profiling:
	ReloadAssembly (1274ms)
		BeginReloadAssembly (108ms)
			ExecutionOrderSort (0ms)
			DisableScriptedObjects (4ms)
			BackupInstance (0ms)
			ReleaseScriptingObjects (0ms)
			CreateAndSetChildDomain (29ms)
		EndReloadAssembly (1106ms)
			LoadAssemblies (89ms)
			RebuildTransferFunctionScriptingTraits (0ms)
			SetupTypeCache (264ms)
			ReleaseScriptCaches (1ms)
			RebuildScriptCaches (34ms)
			SetupLoadedEditorAssemblies (611ms)
				LogAssemblyErrors (0ms)
				InitializePlatformSupportModulesInManaged (4ms)
				SetLoadedEditorAssemblies (1ms)
				RefreshPlugins (0ms)
				BeforeProcessingInitializeOnLoad (81ms)
				ProcessInitializeOnLoadAttributes (507ms)
				ProcessInitializeOnLoadMethodAttributes (9ms)
				AfterProcessingInitializeOnLoad (8ms)
				EditorAssembliesLoaded (0ms)
			ExecutionOrderSort2 (0ms)
			AwakeInstancesAfterBackupRestoration (7ms)
Platform modules already initialized, skipping
Switching build target platform(19) subTarget(0) extendedPlatform(0) -> platform(13) subTarget(537395200) extendedPlatform(0)
Refreshing native plugins compatible for Editor in 0.57 ms, found 3 plugins.
Preloading 0 native plugins for Editor in 0.00 ms.
Unloading 1545 Unused Serialized files (Serialized files now loaded: 0)
System memory in use before: 73.0 MB.
System memory in use after: 73.1 MB.

Unloading 16 unused Assets to reduce memory usage. Loaded Objects now: 1986.
Total: 2.684500 ms (FindLiveObjects: 0.170300 ms CreateObjectMapping: 0.074600 ms MarkObjects: 2.417500 ms  DeleteObjects: 0.021200 ms)

AssetImportParameters requested are different than current active one (requested -> active):
  custom:framework-win-MediaFoundation: 216162199b28c13a410421893ffa2e32 -> 
  custom:video-decoder-ogg-theora: a1e56fd34408186e4bbccfd4996cb3dc -> 
  custom:container-muxer-webm: aa71ff27fc2769a1b78a27578f13a17b -> 
  custom:container-demuxer-webm: 4f35f7cbe854078d1ac9338744f61a02 -> 
  custom:container-demuxer-ogg: 62fdf1f143b41e24485cea50d1cbac27 -> 
  custom:video-encoder-webm-vp8: eb34c28f22e8b96e1ab97ce403110664 -> 
  custom:video-decoder-webm-vp8: 9c59270c3fd7afecdb556c50c9e8de78 -> 
  custom:graphics/normal-map-encoding: 01000000000000000000000000000000 -> 02000000000000000000000000000000
  custom:audio-decoder-ogg-vorbis: bf7c407c2cedff20999df2af8eb42d56 -> 
  custom:audio-encoder-webm-vorbis: bf7c407c2cedff20999df2af8eb42d56 -> 
========================================================================
Received Import Request.
  Time since last request: 94.398423 seconds.
  path: Assets/Images/circle.png
  artifactKey: Guid(039e2edfce16d424bb17aa0b9dfe3958) Importer(815301076,1909f56bfc062723c751e8b465ee728b)
Start importing Assets/Images/circle.png using Guid(039e2edfce16d424bb17aa0b9dfe3958) Importer(815301076,1909f56bfc062723c751e8b465ee728b)  -> (artifact id: 'c03f665bfaf7dfa1d423885cccc40837') in 0.072209 seconds 
========================================================================
Received Import Request.
  Time since last request: 140.363158 seconds.
  path: Assets/Images/circle.png
  artifactKey: Guid(039e2edfce16d424bb17aa0b9dfe3958) Importer(815301076,1909f56bfc062723c751e8b465ee728b)
Start importing Assets/Images/circle.png using Guid(039e2edfce16d424bb17aa0b9dfe3958) Importer(815301076,1909f56bfc062723c751e8b465ee728b)  -> (artifact id: 'c273802fa742da716114cacebe824c75') in 0.030557 seconds 
========================================================================
Received Import Request.
  Time since last request: 756.410678 seconds.
  path: Assets/Images/hear.png
  artifactKey: Guid(b8e3622f63221bd40ac2ae1bb1b3f1a8) Importer(815301076,1909f56bfc062723c751e8b465ee728b)
Start importing Assets/Images/hear.png using Guid(b8e3622f63221bd40ac2ae1bb1b3f1a8) Importer(815301076,1909f56bfc062723c751e8b465ee728b)  -> (artifact id: '58684bcd46f9aa04e4c57218b0c869e4') in 0.025644 seconds 
========================================================================
Received Import Request.
  Time since last request: 5.838785 seconds.
  path: Assets/Images/hear.png
  artifactKey: Guid(b8e3622f63221bd40ac2ae1bb1b3f1a8) Importer(815301076,1909f56bfc062723c751e8b465ee728b)
Start importing Assets/Images/hear.png using Guid(b8e3622f63221bd40ac2ae1bb1b3f1a8) Importer(815301076,1909f56bfc062723c751e8b465ee728b)  -> (artifact id: '8ebf65edac35cbff9f060739bdcd60bb') in 0.023668 seconds 
========================================================================
Received Prepare
Registering precompiled user dll's ...
Registered in 0.005465 seconds.
Begin MonoManager ReloadAssembly
Native extension for WindowsStandalone target not found
Refreshing native plugins compatible for Editor in 0.33 ms, found 3 plugins.
Preloading 0 native plugins for Editor in 0.00 ms.
Mono: successfully reloaded assembly
- Completed reload, in  0.909 seconds
Domain Reload Profiling:
	ReloadAssembly (909ms)
		BeginReloadAssembly (111ms)
			ExecutionOrderSort (0ms)
			DisableScriptedObjects (4ms)
			BackupInstance (0ms)
			ReleaseScriptingObjects (0ms)
			CreateAndSetChildDomain (31ms)
		EndReloadAssembly (740ms)
			LoadAssemblies (91ms)
			RebuildTransferFunctionScriptingTraits (0ms)
			SetupTypeCache (256ms)
			ReleaseScriptCaches (1ms)
			RebuildScriptCaches (34ms)
			SetupLoadedEditorAssemblies (262ms)
				LogAssemblyErrors (0ms)
				InitializePlatformSupportModulesInManaged (4ms)
				SetLoadedEditorAssemblies (0ms)
				RefreshPlugins (0ms)
				BeforeProcessingInitializeOnLoad (79ms)
				ProcessInitializeOnLoadAttributes (161ms)
				ProcessInitializeOnLoadMethodAttributes (9ms)
				AfterProcessingInitializeOnLoad (8ms)
				EditorAssembliesLoaded (0ms)
			ExecutionOrderSort2 (0ms)
			AwakeInstancesAfterBackupRestoration (8ms)
Platform modules already initialized, skipping
Switching build target platform(19) subTarget(0) extendedPlatform(0) -> platform(13) subTarget(537395200) extendedPlatform(0)
Refreshing native plugins compatible for Editor in 0.33 ms, found 3 plugins.
Preloading 0 native plugins for Editor in 0.00 ms.
Unloading 1545 Unused Serialized files (Serialized files now loaded: 0)
System memory in use before: 73.0 MB.
System memory in use after: 73.1 MB.

Unloading 16 unused Assets to reduce memory usage. Loaded Objects now: 1991.
Total: 2.458700 ms (FindLiveObjects: 0.122800 ms CreateObjectMapping: 0.044900 ms MarkObjects: 2.272700 ms  DeleteObjects: 0.017700 ms)

AssetImportParameters requested are different than current active one (requested -> active):
  custom:framework-win-MediaFoundation: 216162199b28c13a410421893ffa2e32 -> 
  custom:video-decoder-ogg-theora: a1e56fd34408186e4bbccfd4996cb3dc -> 
  custom:container-muxer-webm: aa71ff27fc2769a1b78a27578f13a17b -> 
  custom:container-demuxer-webm: 4f35f7cbe854078d1ac9338744f61a02 -> 
  custom:container-demuxer-ogg: 62fdf1f143b41e24485cea50d1cbac27 -> 
  custom:video-encoder-webm-vp8: eb34c28f22e8b96e1ab97ce403110664 -> 
  custom:video-decoder-webm-vp8: 9c59270c3fd7afecdb556c50c9e8de78 -> 
  custom:graphics/normal-map-encoding: 01000000000000000000000000000000 -> 02000000000000000000000000000000
  custom:audio-decoder-ogg-vorbis: bf7c407c2cedff20999df2af8eb42d56 -> 
  custom:audio-encoder-webm-vorbis: bf7c407c2cedff20999df2af8eb42d56 -> 
========================================================================
Received Import Request.
  Time since last request: 55507.432132 seconds.
  path: Assets/Prefabs
  artifactKey: Guid(4b8a63b44e97f4546b55be693761ed01) Importer(815301076,1909f56bfc062723c751e8b465ee728b)
Start importing Assets/Prefabs using Guid(4b8a63b44e97f4546b55be693761ed01) Importer(815301076,1909f56bfc062723c751e8b465ee728b)  -> (artifact id: 'fbc393274be3aa5d2c5e94d9800c4f39') in 0.010066 seconds 
========================================================================
Received Import Request.
  Time since last request: 6.088890 seconds.
  path: Assets/Prefabs/Input_Login.prefab
  artifactKey: Guid(82a83c55c57341b48b14a3de98b70df7) Importer(815301076,1909f56bfc062723c751e8b465ee728b)
Start importing Assets/Prefabs/Input_Login.prefab using Guid(82a83c55c57341b48b14a3de98b70df7) Importer(815301076,1909f56bfc062723c751e8b465ee728b)  -> (artifact id: 'edb31d047a404840b5a7e96589433884') in 0.053314 seconds 
========================================================================
Received Import Request.
  Time since last request: 6.823128 seconds.
  path: Assets/Prefabs/Button_Register.prefab
  artifactKey: Guid(4bbff428cc0d6c641a85003c9065fe70) Importer(815301076,1909f56bfc062723c751e8b465ee728b)
Start importing Assets/Prefabs/Button_Register.prefab using Guid(4bbff428cc0d6c641a85003c9065fe70) Importer(815301076,1909f56bfc062723c751e8b465ee728b)  -> (artifact id: '02204c16a0f3cf080c66499e061368f0') in 0.014776 seconds 
========================================================================
Received Import Request.
  Time since last request: 1.938673 seconds.
  path: Assets/Prefabs/Button_Submit.prefab
  artifactKey: Guid(ae4edaa9b38c47049a0930b098526c04) Importer(815301076,1909f56bfc062723c751e8b465ee728b)
Start importing Assets/Prefabs/Button_Submit.prefab using Guid(ae4edaa9b38c47049a0930b098526c04) Importer(815301076,1909f56bfc062723c751e8b465ee728b)  -> (artifact id: 'c42af2b7d19c38ec971be6296425dadc') in 0.009527 seconds 
========================================================================
Received Import Request.
  Time since last request: 14.560878 seconds.
  path: Assets/Prefabs/Input_.prefab
  artifactKey: Guid(82a83c55c57341b48b14a3de98b70df7) Importer(815301076,1909f56bfc062723c751e8b465ee728b)
Start importing Assets/Prefabs/Input_.prefab using Guid(82a83c55c57341b48b14a3de98b70df7) Importer(815301076,1909f56bfc062723c751e8b465ee728b)  -> (artifact id: '3da18f03853d0db33892621fc567e59b') in 0.011444 seconds 
========================================================================
Received Import Request.
  Time since last request: 6.254574 seconds.
  path: Assets/Prefabs/Button_.prefab
  artifactKey: Guid(ae4edaa9b38c47049a0930b098526c04) Importer(815301076,1909f56bfc062723c751e8b465ee728b)
Start importing Assets/Prefabs/Button_.prefab using Guid(ae4edaa9b38c47049a0930b098526c04) Importer(815301076,1909f56bfc062723c751e8b465ee728b)  -> (artifact id: '25166d47a819185b9d38a3fb547e0a5b') in 0.010151 seconds 
========================================================================
Received Import Request.
  Time since last request: 9.182908 seconds.
  path: Assets/Prefabs/Button_S.prefab
  artifactKey: Guid(ae4edaa9b38c47049a0930b098526c04) Importer(815301076,1909f56bfc062723c751e8b465ee728b)
Start importing Assets/Prefabs/Button_S.prefab using Guid(ae4edaa9b38c47049a0930b098526c04) Importer(815301076,1909f56bfc062723c751e8b465ee728b)  -> (artifact id: '82256c43842a0aa0ca4899f775364fbc') in 0.009342 seconds 
========================================================================
Received Import Request.
  Time since last request: 6.242510 seconds.
  path: Assets/Prefabs/Button_.prefab
  artifactKey: Guid(4bbff428cc0d6c641a85003c9065fe70) Importer(815301076,1909f56bfc062723c751e8b465ee728b)
Start importing Assets/Prefabs/Button_.prefab using Guid(4bbff428cc0d6c641a85003c9065fe70) Importer(815301076,1909f56bfc062723c751e8b465ee728b)  -> (artifact id: '481c01d7d87c73be69bf1079f5aa3ba7') in 0.005700 seconds 
========================================================================
Received Import Request.
  Time since last request: 8.086783 seconds.
  path: Assets/Prefabs/Button_.prefab
  artifactKey: Guid(4bbff428cc0d6c641a85003c9065fe70) Importer(815301076,1909f56bfc062723c751e8b465ee728b)
Start importing Assets/Prefabs/Button_.prefab using Guid(4bbff428cc0d6c641a85003c9065fe70) Importer(815301076,1909f56bfc062723c751e8b465ee728b)  -> (artifact id: '144a1872551ed22db131d3fa6fd29ad1') in 0.007436 seconds 
========================================================================
Received Import Request.
  Time since last request: 13.317350 seconds.
  path: Assets/Prefabs/Input_.prefab
  artifactKey: Guid(82a83c55c57341b48b14a3de98b70df7) Importer(815301076,1909f56bfc062723c751e8b465ee728b)
Start importing Assets/Prefabs/Input_.prefab using Guid(82a83c55c57341b48b14a3de98b70df7) Importer(815301076,1909f56bfc062723c751e8b465ee728b)  -> (artifact id: '31bd489b8f1c2caf6b93c9887b66950e') in 0.006293 seconds 
